=== æ„å»ºæ—¥å¿—å¼€å§‹ ===
æ—¶é—´: 2025-02-26 18:27:56
è„šæœ¬ç‰ˆæœ¬: 1.0.0
å·¥ä½œç›®å½•: /Users/coderxslee/workspace/flutter_web_admin/flutter_web_admin/PythonProject/deploy_tool/scripts/dist/Archive Tool.app/Contents/Frameworks
===========================
ç³»ç»Ÿä¿¡æ¯:
OS: Darwin
OS Version: Darwin Kernel Version 24.2.0: Fri Dec  6 19:02:41 PST 2024; root:xnu-11215.61.5~2/RELEASE_ARM64_T6030
Flutter Version: æœªæ£€æµ‹åˆ°
Xcode Version: Xcode 16.2
===========================
[2025-02-26 18:27:56] [38;5;39mæ¬¢è¿ä½¿ç”¨ App æ‰“åŒ…è„šæœ¬[0m
[2025-02-26 18:27:56] [38;5;39mä½œè€…ï¼š[38;5;220mæé›ªæ¾[0m [38;5;39må¾®ä¿¡ï¼š[0;32mCoderXSLee[0m
[2025-02-26 18:27:56] [INFO] æ£€æŸ¥ç¯å¢ƒé…ç½®...
[2025-02-26 18:27:56] [INFO] æ—¥å¿—æ–‡ä»¶åˆå§‹åŒ–å®Œæˆ: /build/build_log
[2025-02-26 18:27:56] [ERROR] Flutter æœªå®‰è£…ï¼Œè¯·å…ˆå®‰è£… Flutter
[2025-02-26 18:27:56] [ERROR] è¯»å–é¡¹ç›®ä¿¡æ¯æ—¶å‡ºé”™: [Errno 2] No such file or directory: 'pubspec.yaml'
[2025-02-26 18:27:56] [0;32mè¯·é€‰æ‹©è¦æ‰“åŒ…çš„å¹³å°:[0m
[2025-02-26 18:27:56]      1. Android
[2025-02-26 18:27:56]      2. HarmonyOS
[2025-02-26 18:27:56]      3. iOS Ad Hoc
[2025-02-26 18:27:56]      4. iOS App Store
[2025-02-26 18:27:56]      5. å…¨éƒ¨
[2025-02-26 18:27:56] [0;32mæ”¯æŒå¤šé€‰ï¼Œè¯·ç”¨ç©ºæ ¼åˆ†å¼€ã€‚[0;32mä¾‹å¦‚ï¼š[0m1 3
[2025-02-26 18:27:56] [ERROR] æ‰§è¡Œè¿‡ç¨‹ä¸­å‡ºç°å¼‚å¸¸: EOF when reading a line
